[01:31:56] [ServerMain/INFO]: [bootstrap] Running Java 21 (OpenJDK 64-Bit Server VM 21.0.7+6-Ubuntu-0ubuntu124.04; Ubuntu null) on Linux 6.8.0-1027-azure (amd64)
[01:31:56] [ServerMain/INFO]: [bootstrap] Loading Paper 1.21.8-6-main@782ce95 (2025-07-18T20:26:58Z) for Minecraft 1.21.8
[01:31:57] [ServerMain/INFO]: [PluginInitializerManager] Initializing plugins...
[01:31:58] [ServerMain/INFO]: [PluginInitializerManager] Initialized 3 plugins
[01:31:58] [ServerMain/INFO]: [PluginInitializerManager] Bukkit plugins (3):
 - Geyser-Spigot (2.8.2-SNAPSHOT), ViaVersion (5.4.2-SNAPSHOT), floodgate (2.2.4-SNAPSHOT (b118-40d320a))
[01:32:05] [ServerMain/INFO]: Environment: Environment[sessionHost=https://sessionserver.mojang.com, servicesHost=https://api.minecraftservices.com, name=PROD]
[01:32:08] [ServerMain/INFO]: Loaded 1407 recipes
[01:32:08] [ServerMain/INFO]: Loaded 1520 advancements
[01:32:08] [ServerMain/INFO]: [ca.spottedleaf.dataconverter.minecraft.datatypes.MCTypeRegistry] Initialising converters for DataConverter...
[01:32:09] [ServerMain/INFO]: [ca.spottedleaf.dataconverter.minecraft.datatypes.MCTypeRegistry] Finished initialising converters for DataConverter in 755.6ms
[01:32:09] [Server thread/INFO]: Starting minecraft server version 1.21.8
[01:32:09] [Server thread/INFO]: Loading properties
[01:32:09] [Server thread/INFO]: This server is running Paper version 1.21.8-6-main@782ce95 (2025-07-18T20:26:58Z) (Implementing API version 1.21.8-R0.1-SNAPSHOT)
[01:32:09] [Server thread/INFO]: [spark] This server bundles the spark profiler. For more information please visit https://docs.papermc.io/paper/profiling
[01:32:10] [Server thread/INFO]: Server Ping Player Sample Count: 12
[01:32:10] [Server thread/INFO]: Using 4 threads for Netty based IO
[01:32:11] [Server thread/INFO]: [MoonriseCommon] Paper is using 1 worker threads, 1 I/O threads
[01:32:11] [Server thread/INFO]: [ChunkTaskScheduler] Chunk system is using population gen parallelism: true
[01:32:12] [Server thread/INFO]: Default game type: SURVIVAL
[01:32:12] [Server thread/INFO]: Generating keypair
[01:32:12] [Server thread/INFO]: Starting Minecraft server on *:25565
[01:32:12] [Server thread/INFO]: Using epoll channel type
[01:32:12] [Server thread/INFO]: Paper: Using libdeflate (Linux x86_64) compression from Velocity.
[01:32:12] [Server thread/INFO]: Paper: Using OpenSSL 3.x.x (Linux x86_64) cipher from Velocity.
[01:32:13] [Server thread/INFO]: [floodgate] Loading server plugin floodgate v2.2.4-SNAPSHOT (b118-40d320a)
[01:32:14] [Server thread/WARN]: [floodgate] en_ is not a supported Floodgate language.
[01:32:14] [Server thread/INFO]: [floodgate] Took 1,150ms to boot Floodgate
[01:32:14] [Server thread/INFO]: [ViaVersion] Loading server plugin ViaVersion v5.4.2-SNAPSHOT
[01:32:14] [Server thread/INFO]: [ViaVersion] ViaVersion 5.4.2-SNAPSHOT is now loaded. Registering protocol transformers and injecting...
[01:32:15] [Via-Mappingloader-0/INFO]: [ViaVersion] Loading block connection mappings ...
[01:32:16] [Via-Mappingloader-0/INFO]: [ViaVersion] Using FastUtil Long2ObjectOpenHashMap for block connections
[01:32:16] [Server thread/INFO]: [Geyser-Spigot] Loading server plugin Geyser-Spigot v2.8.2-SNAPSHOT
[01:32:17] [Server thread/INFO]: [Geyser-Spigot] Loading extensions...
[01:32:17] [Server thread/INFO]: [Geyser-Spigot] Loaded 0 extension(s)
[01:32:17] [Server thread/INFO]: Server permissions file permissions.yml is empty, ignoring it
[01:32:17] [Server thread/WARN]: **** SERVER IS RUNNING IN OFFLINE/INSECURE MODE!
[01:32:17] [Server thread/WARN]: The server will make no attempt to authenticate usernames. Beware.
[01:32:17] [Server thread/WARN]: While this makes the game possible to play without internet access, it also opens up the ability for hackers to connect with any username they choose.
[01:32:17] [Server thread/WARN]: To change this, set "online-mode" to "true" in the server.properties file.
[01:32:17] [Server thread/INFO]: Preparing level "world"
[01:32:18] [Server thread/INFO]: Preparing start region for dimension minecraft:overworld
[01:32:18] [Server thread/INFO]: Preparing spawn area: 0%
[01:32:19] [Server thread/INFO]: Preparing spawn area: 2%
[01:32:20] [Server thread/INFO]: Preparing spawn area: 6%
[01:32:20] [Server thread/INFO]: Preparing spawn area: 6%
[01:32:20] [Server thread/INFO]: Time elapsed: 1707 ms
[01:32:20] [Server thread/INFO]: Preparing start region for dimension minecraft:the_nether
[01:32:20] [Server thread/INFO]: Preparing spawn area: 0%
[01:32:20] [Server thread/INFO]: Time elapsed: 402 ms
[01:32:20] [Server thread/INFO]: Preparing start region for dimension minecraft:the_end
[01:32:20] [Server thread/INFO]: Preparing spawn area: 0%
[01:32:21] [Server thread/INFO]: Time elapsed: 431 ms
[01:32:21] [Server thread/INFO]: [floodgate] Enabling floodgate v2.2.4-SNAPSHOT (b118-40d320a)
[01:32:22] [Server thread/INFO]: [ViaVersion] Enabling ViaVersion v5.4.2-SNAPSHOT
[01:32:22] [Server thread/INFO]: [ViaVersion] ViaVersion detected server version: 1.21.7-1.21.8 (772)
[01:32:22] [Server thread/WARN]: [ViaVersion] ViaVersion does not have any compatible versions for this server version!
[01:32:22] [Server thread/WARN]: [ViaVersion] ViaVersion only supports newer client versions. Use ViaBackwards to allow older versions (ViaRewind for 1.7/1.8) to join.
[01:32:22] [Server thread/WARN]: [ViaVersion] Get setup help at https://viaversion.com/setup or download ViaBackwards/ViaRewind directly at https://ci.viaversion.com/
[01:32:22] [Server thread/WARN]: [ViaVersion] Need more help? Join our Discord at https://viaversion.com/discord
[01:32:22] [Server thread/INFO]: [Geyser-Spigot] Enabling Geyser-Spigot v2.8.2-SNAPSHOT
[01:32:23] [Server thread/INFO]: [spark] Starting background profiler...
[01:32:23] [Server thread/INFO]: [Geyser-Spigot] ******************************************
[01:32:23] [Server thread/INFO]: [Geyser-Spigot] 
[01:32:23] [Server thread/INFO]: [Geyser-Spigot] Loading Geyser version 2.8.2-b887 (git-master-1f23d1d)
[01:32:23] [Server thread/INFO]: [Geyser-Spigot] 
[01:32:23] [Server thread/INFO]: [Geyser-Spigot] ******************************************
[01:32:32] [epollEventLoopGroup-3-1/INFO]: [Geyser-Spigot] Started Geyser on UDP port 25565
[01:32:32] [Server thread/INFO]: [Geyser-Spigot] Done (9.381s)! Run /geyser help for help!
[01:32:33] [Server thread/INFO]: Done preparing level "world" (15.553s)
[01:32:33] [Server thread/INFO]: Running delayed init tasks
[01:32:33] [Server thread/INFO]: Done (37.886s)! For help, type "help"
[01:32:33] [Craft Scheduler Thread - 2 - ViaVersion/INFO]: [ViaVersion] Finished mapping loading, shutting down loader executor.
[01:32:33] [Server thread/INFO]: [ViaVersion] You are running a development version of the plugin, please report any bugs to GitHub.
